SF:/Users/arnel/CODES/MMDC/CAPSTONE1/sbims/src/app.ts
FNF:0
FNH:0
BRDA:42,2,0,0
BRDA:42,2,1,2
BRF:2
BRH:1
DA:1,1
DA:2,1
DA:3,1
DA:4,1
DA:5,1
DA:7,1
DA:9,1
DA:11,1
DA:13,1
DA:15,1
DA:17,1
DA:18,1
DA:19,1
DA:20,1
DA:22,1
DA:23,1
DA:26,1
DA:28,0
DA:29,0
DA:30,0
DA:31,0
DA:32,0
DA:33,0
DA:34,0
DA:35,0
DA:37,0
DA:39,1
DA:40,2
DA:41,2
DA:42,2
DA:44,0
DA:46,0
DA:47,1
LH:22
LF:33
end_of_record
SF:/Users/arnel/CODES/MMDC/CAPSTONE1/sbims/src/config/env.ts
FNF:0
FNH:0
BRF:0
BRH:0
DA:1,2
DA:3,2
DA:4,2
DA:5,2
DA:6,2
DA:8,2
DA:10,2
DA:11,2
DA:12,2
DA:14,2
DA:15,2
DA:17,2
DA:18,2
DA:19,2
DA:20,2
DA:22,2
DA:23,2
DA:24,2
DA:25,2
DA:27,2
DA:28,2
DA:30,2
DA:31,2
DA:32,2
DA:33,2
LH:25
LF:25
end_of_record
SF:/Users/arnel/CODES/MMDC/CAPSTONE1/sbims/src/errors/app-error.ts
FN:3,<instance_members_initializer>
FN:4,AppError
FNDA:3,<instance_members_initializer>
FNDA:3,AppError
FNF:2
FNH:2
BRF:0
BRH:0
DA:3,2
DA:4,2
DA:5,3
DA:6,2
DA:7,2
DA:8,3
DA:9,3
DA:10,3
DA:11,2
LH:9
LF:9
end_of_record
SF:/Users/arnel/CODES/MMDC/CAPSTONE1/sbims/src/lib/supabase.ts
FN:38,createAuthenticatedClient
FNDA:1,createAuthenticatedClient
FNF:1
FNH:1
BRF:0
BRH:0
DA:1,2
DA:2,2
DA:15,2
DA:16,2
DA:17,2
DA:18,2
DA:19,2
DA:20,2
DA:21,2
DA:22,2
DA:23,2
DA:38,2
DA:39,1
DA:40,1
DA:41,1
DA:42,1
DA:43,1
DA:44,1
DA:46,1
DA:47,1
DA:48,1
DA:49,1
DA:50,1
DA:51,1
DA:65,2
DA:66,2
DA:67,2
DA:68,2
DA:69,2
DA:70,2
DA:71,2
DA:72,2
DA:73,2
LH:33
LF:33
end_of_record
SF:/Users/arnel/CODES/MMDC/CAPSTONE1/sbims/src/modules/auth/auth.middleware.ts
FN:6,requireAuth
FNDA:5,requireAuth
FNF:1
FNH:1
BRDA:9,1,0,1
BRDA:9,1,1,4
BRDA:11,1,0,4
BRDA:11,1,1,1
BRDA:15,1,0,0
BRDA:15,1,1,5
BRDA:17,1,0,4
BRDA:17,1,1,1
BRDA:21,1,0,0
BRDA:21,1,1,5
BRDA:23,1,0,4
BRDA:23,1,1,1
BRF:12
BRH:10
DA:3,1
DA:4,1
DA:6,1
DA:7,5
DA:9,5
DA:10,1
DA:11,1
DA:13,4
DA:15,5
DA:16,0
DA:17,0
DA:19,4
DA:21,5
DA:22,0
DA:23,0
DA:25,4
DA:26,4
DA:27,4
DA:28,4
DA:30,4
DA:31,5
LH:17
LF:21
end_of_record
SF:/Users/arnel/CODES/MMDC/CAPSTONE1/sbims/src/modules/auth/auth.routes.ts
FNF:0
FNH:0
BRDA:24,1,0,6
BRDA:24,1,1,1
BRDA:74,4,0,0
BRDA:74,4,1,1
BRF:4
BRH:3
DA:1,1
DA:2,1
DA:4,1
DA:6,1
DA:8,1
DA:9,1
DA:10,1
DA:12,1
DA:21,1
DA:22,7
DA:24,7
DA:26,6
DA:27,6
DA:28,6
DA:29,6
DA:30,1
DA:32,1
DA:33,1
DA:34,1
DA:36,1
DA:38,1
DA:39,1
DA:41,1
DA:43,1
DA:45,1
DA:46,1
DA:47,1
DA:48,1
DA:49,1
DA:52,1
DA:53,2
DA:55,2
DA:57,2
DA:58,2
DA:59,2
DA:60,2
DA:61,1
DA:64,1
DA:65,1
DA:66,1
DA:68,1
DA:70,1
DA:72,1
DA:74,1
DA:75,0
DA:76,0
DA:77,1
DA:79,1
DA:80,1
DA:81,1
DA:82,1
DA:83,1
DA:84,1
DA:85,1
DA:87,1
LH:53
LF:55
end_of_record
SF:/Users/arnel/CODES/MMDC/CAPSTONE1/sbims/src/modules/auth/auth.schema.ts
FNF:0
FNH:0
BRF:0
BRH:0
DA:1,1
DA:3,1
DA:4,1
DA:6,1
DA:7,1
DA:8,1
DA:9,1
DA:10,1
DA:12,1
DA:13,1
DA:14,1
DA:15,1
DA:16,1
DA:17,1
LH:14
LF:14
end_of_record
SF:/Users/arnel/CODES/MMDC/CAPSTONE1/sbims/src/modules/auth/auth.service.ts
FN:12,login
FN:52,changePassword
FN:80,mapProfile
FN:100,getProfile
FN:118,getCurrentUser
FNDA:7,login
FNDA:1,changePassword
FNDA:9,mapProfile
FNDA:9,getProfile
FNDA:2,getCurrentUser
FNF:5
FNH:5
BRDA:18,1,0,6
BRDA:18,1,1,6
BRDA:18,1,2,1
BRDA:20,1,0,6
BRDA:20,1,1,1
BRDA:26,1,0,0
BRDA:26,1,1,7
BRDA:28,1,0,6
BRDA:28,1,1,1
BRDA:37,1,0,0
BRDA:37,1,1,7
BRDA:42,1,0,6
BRDA:42,1,1,1
BRDA:60,2,0,0
BRDA:60,2,1,1
BRDA:71,2,0,0
BRDA:71,2,1,1
BRDA:107,4,0,8
BRDA:107,4,1,1
BRDA:109,4,0,8
BRDA:109,4,1,1
BRDA:111,4,0,0
BRDA:111,4,1,8
BRF:23
BRH:18
DA:1,2
DA:3,2
DA:9,2
DA:11,2
DA:12,2
DA:13,7
DA:14,7
DA:15,7
DA:16,7
DA:18,7
DA:19,1
DA:20,1
DA:24,6
DA:26,7
DA:27,0
DA:28,0
DA:30,6
DA:31,6
DA:32,6
DA:33,6
DA:34,6
DA:35,6
DA:37,7
DA:38,0
DA:39,0
DA:40,0
DA:41,0
DA:42,0
DA:44,6
DA:45,6
DA:46,6
DA:47,6
DA:48,6
DA:49,6
DA:50,7
DA:52,2
DA:53,1
DA:54,1
DA:55,1
DA:56,1
DA:57,1
DA:60,1
DA:61,0
DA:62,0
DA:64,1
DA:65,1
DA:66,1
DA:67,1
DA:68,1
DA:69,1
DA:71,1
DA:72,0
DA:73,0
DA:75,1
DA:76,1
DA:77,1
DA:78,1
DA:80,2
DA:81,9
DA:82,9
DA:84,9
DA:86,9
DA:88,9
DA:90,9
DA:92,9
DA:94,9
DA:96,9
DA:97,9
DA:98,9
DA:100,2
DA:101,9
DA:102,9
DA:103,9
DA:104,9
DA:105,9
DA:107,9
DA:108,1
DA:109,1
DA:111,8
DA:112,0
DA:113,0
DA:115,8
DA:116,9
DA:118,2
DA:119,2
DA:121,2
DA:122,2
DA:123,2
DA:125,2
LH:76
LF:89
end_of_record
SF:/Users/arnel/CODES/MMDC/CAPSTONE1/sbims/src/modules/health/health.routes.ts
FNF:0
FNH:0
BRF:0
BRH:0
DA:1,1
DA:3,1
DA:5,1
DA:7,1
DA:9,0
DA:10,0
DA:12,0
DA:14,0
DA:16,0
DA:17,0
DA:19,0
DA:21,0
DA:23,0
DA:24,0
DA:26,0
DA:27,0
DA:28,0
DA:30,0
DA:31,0
DA:33,1
LH:5
LF:20
end_of_record
SF:/Users/arnel/CODES/MMDC/CAPSTONE1/sbims/src/modules/health/health.service.ts
FN:3,checkDatabase
FNDA:0,checkDatabase
FNF:1
FNH:0
BRF:0
BRH:0
DA:1,1
DA:3,0
DA:4,0
DA:6,0
DA:7,0
DA:8,0
DA:10,0
DA:11,0
LH:1
LF:8
end_of_record
SF:/Users/arnel/CODES/MMDC/CAPSTONE1/sbims/src/routes/index.ts
FNF:0
FNH:0
BRF:0
BRH:0
DA:1,1
DA:3,1
DA:4,1
DA:6,1
DA:8,1
DA:9,1
DA:10,1
DA:13,1
DA:14,1
DA:15,1
DA:18,1
LH:11
LF:11
end_of_record
SF:/Users/arnel/CODES/MMDC/CAPSTONE1/sbims/src/shared/logger.ts
FN:3,timestamp
FN:8,info
FN:19,warn
FN:30,error
FNDA:0,timestamp
FNDA:0,info
FNDA:0,warn
FNDA:0,error
FNF:4
FNH:0
BRF:0
BRH:0
DA:3,0
DA:4,0
DA:5,0
DA:7,2
DA:8,0
DA:9,0
DA:10,0
DA:11,0
DA:12,0
DA:13,0
DA:14,0
DA:15,0
DA:17,0
DA:19,0
DA:20,0
DA:21,0
DA:22,0
DA:23,0
DA:24,0
DA:25,0
DA:26,0
DA:28,0
DA:30,0
DA:31,0
DA:32,0
DA:33,0
DA:34,0
DA:35,0
DA:36,0
DA:37,0
DA:39,0
DA:40,2
LH:2
LF:32
end_of_record
SF:/Users/arnel/CODES/MMDC/CAPSTONE1/sbims/src/shared/response.ts
FN:17,success
FN:25,failure
FNDA:0,success
FNDA:2,failure
FNF:2
FNH:1
BRF:0
BRH:0
DA:17,0
DA:18,0
DA:19,0
DA:20,0
DA:21,0
DA:22,0
DA:23,0
DA:25,1
DA:26,1
DA:27,1
DA:29,2
DA:30,2
DA:31,2
DA:32,2
DA:33,2
DA:34,2
LH:9
LF:16
end_of_record
SF:/Users/arnel/CODES/MMDC/CAPSTONE1/sbims/tests/fixtures/test-users.ts
FNF:0
FNH:0
BRF:0
BRH:0
DA:1,1
DA:2,1
DA:3,1
DA:4,1
DA:5,1
DA:6,1
DA:7,1
DA:8,1
DA:10,1
DA:11,1
DA:12,1
DA:13,1
DA:14,1
DA:15,1
DA:16,1
DA:18,1
DA:19,1
DA:20,1
DA:21,1
DA:22,1
DA:23,1
DA:24,1
DA:25,1
DA:26,1
LH:24
LF:24
end_of_record
SF:/Users/arnel/CODES/MMDC/CAPSTONE1/sbims/tests/helpers/test-user.setup.ts
FN:4,findAuthUser
FN:16,ensureAuthUser
FN:36,resetProfile
FN:71,resetFirstLoginUser
FN:86,setupTestUsers
FNDA:18,findAuthUser
FNDA:18,ensureAuthUser
FNDA:18,resetProfile
FNDA:6,resetFirstLoginUser
FNDA:6,setupTestUsers
FNF:5
FNH:5
BRDA:7,1,0,0
BRDA:7,1,1,18
BRDA:19,3,0,0
BRDA:19,3,1,18
BRDA:66,4,0,0
BRDA:66,4,1,18
BRDA:79,5,0,0
BRDA:79,5,1,6
BRF:8
BRH:4
DA:1,1
DA:2,1
DA:4,18
DA:5,18
DA:7,18
DA:8,0
DA:9,0
DA:11,18
DA:12,18
DA:14,18
DA:16,18
DA:17,18
DA:19,18
DA:20,0
DA:21,0
DA:22,0
DA:23,0
DA:24,0
DA:26,0
DA:27,0
DA:28,0
DA:30,0
DA:31,0
DA:33,18
DA:34,18
DA:36,18
DA:37,18
DA:38,18
DA:39,18
DA:41,18
DA:42,18
DA:43,18
DA:45,18
DA:47,18
DA:49,18
DA:51,18
DA:53,18
DA:55,18
DA:57,18
DA:59,18
DA:60,18
DA:61,18
DA:62,18
DA:63,18
DA:66,18
DA:67,0
DA:68,0
DA:69,18
DA:71,6
DA:72,6
DA:74,6
DA:75,6
DA:76,6
DA:77,6
DA:79,6
DA:80,0
DA:81,0
DA:83,6
DA:84,6
DA:86,1
DA:87,6
DA:89,6
DA:91,6
DA:93,6
DA:95,6
DA:97,6
DA:98,6
LH:51
LF:67
end_of_record
